# JRE version: OpenJDK Runtime Environment (8.0_212-b04) (build 1.8.0_212-release-1586-b04)
# Java VM: OpenJDK 64-Bit Server VM (25.212-b04 mixed mode windows-amd64 compressed oops)
Heap:
 PSYoungGen      total 197120K, used 111002K [0x00000000e0000000, 0x00000000ef080000, 0x0000000100000000)
  eden space 180736K, 52% used [0x00000000e0000000,0x00000000e5c8bb10,0x00000000eb080000)
  from space 16384K, 99% used [0x00000000eb600000,0x00000000ec5f5a28,0x00000000ec600000)
  to   space 32768K, 0% used [0x00000000ed080000,0x00000000ed080000,0x00000000ef080000)
 ParOldGen       total 143872K, used 72291K [0x00000000a0000000, 0x00000000a8c80000, 0x00000000e0000000)
  object space 143872K, 50% used [0x00000000a0000000,0x00000000a4698dc0,0x00000000a8c80000)
 Metaspace       used 86745K, capacity 91234K, committed 91392K, reserved 1128448K
  class space    used 11445K, capacity 12285K, committed 12288K, reserved 1048576K
GC Heap History (10 events):
Event: 28.731 GC heap before
{Heap before GC invocations=18 (full 3):
 PSYoungGen      total 200704K, used 200696K [0x00000000e0000000, 0x00000000ee700000, 0x0000000100000000)
  eden space 181760K, 100% used [0x00000000e0000000,0x00000000eb180000,0x00000000eb180000)
  from space 18944K, 99% used [0x00000000ec980000,0x00000000edbfe1e8,0x00000000edc00000)
  to   space 24576K, 0% used [0x00000000eb180000,0x00000000eb180000,0x00000000ec980000)
 ParOldGen       total 143872K, used 45681K [0x00000000a0000000, 0x00000000a8c80000, 0x00000000e0000000)
  object space 143872K, 31% used [0x00000000a0000000,0x00000000a2c9c6a8,0x00000000a8c80000)
 Metaspace       used 79505K, capacity 83334K, committed 83456K, reserved 1120256K
  class space    used 11018K, capacity 11741K, committed 11776K, reserved 1048576K
Event: 28.775 GC heap after
Heap after GC invocations=18 (full 3):
 PSYoungGen      total 206336K, used 24556K [0x00000000e0000000, 0x00000000f0980000, 0x0000000100000000)
  eden space 181760K, 0% used [0x00000000e0000000,0x00000000e0000000,0x00000000eb180000)
  from space 24576K, 99% used [0x00000000eb180000,0x00000000ec97b268,0x00000000ec980000)
  to   space 32256K, 0% used [0x00000000eea00000,0x00000000eea00000,0x00000000f0980000)
 ParOldGen       total 143872K, used 55972K [0x00000000a0000000, 0x00000000a8c80000, 0x00000000e0000000)
  object space 143872K, 38% used [0x00000000a0000000,0x00000000a36a91f0,0x00000000a8c80000)
 Metaspace       used 79505K, capacity 83334K, committed 83456K, reserved 1120256K
  class space    used 11018K, capacity 11741K, committed 11776K, reserved 1048576K
}
Event: 1181.489 GC heap before
{Heap before GC invocations=19 (full 3):
 PSYoungGen      total 206336K, used 206316K [0x00000000e0000000, 0x00000000f0980000, 0x0000000100000000)
  eden space 181760K, 100% used [0x00000000e0000000,0x00000000eb180000,0x00000000eb180000)
  from space 24576K, 99% used [0x00000000eb180000,0x00000000ec97b268,0x00000000ec980000)
  to   space 32256K, 0% used [0x00000000eea00000,0x00000000eea00000,0x00000000f0980000)
 ParOldGen       total 143872K, used 55972K [0x00000000a0000000, 0x00000000a8c80000, 0x00000000e0000000)
  object space 143872K, 38% used [0x00000000a0000000,0x00000000a36a91f0,0x00000000a8c80000)
 Metaspace       used 83924K, capacity 87928K, committed 88192K, reserved 1126400K
  class space    used 11317K, capacity 12094K, committed 12160K, reserved 1048576K
Event: 1181.631 GC heap after
Heap after GC invocations=19 (full 3):
 PSYoungGen      total 198144K, used 21740K [0x00000000e0000000, 0x00000000eff80000, 0x0000000100000000)
  eden space 176128K, 0% used [0x00000000e0000000,0x00000000e0000000,0x00000000eac00000)
  from space 22016K, 98% used [0x00000000eea00000,0x00000000eff3b3f0,0x00000000eff80000)
  to   space 33280K, 0% used [0x00000000ebe80000,0x00000000ebe80000,0x00000000edf00000)
 ParOldGen       total 143872K, used 72267K [0x00000000a0000000, 0x00000000a8c80000, 0x00000000e0000000)
  object space 143872K, 50% used [0x00000000a0000000,0x00000000a4692dc0,0x00000000a8c80000)
 Metaspace       used 83924K, capacity 87928K, committed 88192K, reserved 1126400K
  class space    used 11317K, capacity 12094K, committed 12160K, reserved 1048576K
}
Event: 1185.430 GC heap before
{Heap before GC invocations=20 (full 3):
 PSYoungGen      total 198144K, used 197762K [0x00000000e0000000, 0x00000000eff80000, 0x0000000100000000)
  eden space 176128K, 99% used [0x00000000e0000000,0x00000000eabe5638,0x00000000eac00000)
  from space 22016K, 98% used [0x00000000eea00000,0x00000000eff3b3f0,0x00000000eff80000)
  to   space 33280K, 0% used [0x00000000ebe80000,0x00000000ebe80000,0x00000000edf00000)
 ParOldGen       total 143872K, used 72267K [0x00000000a0000000, 0x00000000a8c80000, 0x00000000e0000000)
  object space 143872K, 50% used [0x00000000a0000000,0x00000000a4692dc0,0x00000000a8c80000)
 Metaspace       used 85426K, capacity 89504K, committed 89856K, reserved 1126400K
  class space    used 11386K, capacity 12182K, committed 12288K, reserved 1048576K
Event: 1185.500 GC heap after
Heap after GC invocations=20 (full 3):
 PSYoungGen      total 214016K, used 21478K [0x00000000e0000000, 0x00000000efe00000, 0x0000000100000000)
  eden space 192512K, 0% used [0x00000000e0000000,0x00000000e0000000,0x00000000ebc00000)
  from space 21504K, 99% used [0x00000000ebe80000,0x00000000ed3799c8,0x00000000ed380000)
  to   space 33792K, 0% used [0x00000000edd00000,0x00000000edd00000,0x00000000efe00000)
 ParOldGen       total 143872K, used 72275K [0x00000000a0000000, 0x00000000a8c80000, 0x00000000e0000000)
  object space 143872K, 50% used [0x00000000a0000000,0x00000000a4694dc0,0x00000000a8c80000)
 Metaspace       used 85426K, capacity 89504K, committed 89856K, reserved 1126400K
  class space    used 11386K, capacity 12182K, committed 12288K, reserved 1048576K
}
Event: 1468.318 GC heap before
{Heap before GC invocations=21 (full 3):
 PSYoungGen      total 214016K, used 213990K [0x00000000e0000000, 0x00000000efe00000, 0x0000000100000000)
  eden space 192512K, 100% used [0x00000000e0000000,0x00000000ebc00000,0x00000000ebc00000)
  from space 21504K, 99% used [0x00000000ebe80000,0x00000000ed3799c8,0x00000000ed380000)
  to   space 33792K, 0% used [0x00000000edd00000,0x00000000edd00000,0x00000000efe00000)
 ParOldGen       total 143872K, used 72275K [0x00000000a0000000, 0x00000000a8c80000, 0x00000000e0000000)
  object space 143872K, 50% used [0x00000000a0000000,0x00000000a4694dc0,0x00000000a8c80000)
 Metaspace       used 86118K, capacity 90296K, committed 90624K, reserved 1128448K
  class space    used 11403K, capacity 12206K, committed 12288K, reserved 1048576K
Event: 1468.354 GC heap after
Heap after GC invocations=21 (full 3):
 PSYoungGen      total 215040K, used 21597K [0x00000000e0000000, 0x00000000ef900000, 0x0000000100000000)
  eden space 186368K, 0% used [0x00000000e0000000,0x00000000e0000000,0x00000000eb600000)
  from space 28672K, 75% used [0x00000000edd00000,0x00000000ef217680,0x00000000ef900000)
  to   space 34304K, 0% used [0x00000000eb600000,0x00000000eb600000,0x00000000ed780000)
 ParOldGen       total 143872K, used 72283K [0x00000000a0000000, 0x00000000a8c80000, 0x00000000e0000000)
  object space 143872K, 50% used [0x00000000a0000000,0x00000000a4696dc0,0x00000000a8c80000)
 Metaspace       used 86118K, capacity 90296K, committed 90624K, reserved 1128448K
  class space    used 11403K, capacity 12206K, committed 12288K, reserved 1048576K
}
Event: 1487.156 GC heap before
{Heap before GC invocations=22 (full 3):
 PSYoungGen      total 215040K, used 207963K [0x00000000e0000000, 0x00000000ef900000, 0x0000000100000000)
  eden space 186368K, 99% used [0x00000000e0000000,0x00000000eb5ff938,0x00000000eb600000)
  from space 28672K, 75% used [0x00000000edd00000,0x00000000ef217680,0x00000000ef900000)
  to   space 34304K, 0% used [0x00000000eb600000,0x00000000eb600000,0x00000000ed780000)
 ParOldGen       total 143872K, used 72283K [0x00000000a0000000, 0x00000000a8c80000, 0x00000000e0000000)
  object space 143872K, 50% used [0x00000000a0000000,0x00000000a4696dc0,0x00000000a8c80000)
 Metaspace       used 86555K, capacity 91032K, committed 91136K, reserved 1128448K
  class space    used 11439K, capacity 12274K, committed 12288K, reserved 1048576K
Event: 1487.186 GC heap after
Heap after GC invocations=22 (full 3):
 PSYoungGen      total 197120K, used 16342K [0x00000000e0000000, 0x00000000ef080000, 0x0000000100000000)
  eden space 180736K, 0% used [0x00000000e0000000,0x00000000e0000000,0x00000000eb080000)
  from space 16384K, 99% used [0x00000000eb600000,0x00000000ec5f5a28,0x00000000ec600000)
  to   space 32768K, 0% used [0x00000000ed080000,0x00000000ed080000,0x00000000ef080000)
 ParOldGen       total 143872K, used 72291K [0x00000000a0000000, 0x00000000a8c80000, 0x00000000e0000000)
  object space 143872K, 50% used [0x00000000a0000000,0x00000000a4698dc0,0x00000000a8c80000)
 Metaspace       used 86555K, capacity 91032K, committed 91136K, reserved 1128448K
  class space    used 11439K, capacity 12274K, committed 12288K, reserved 1048576K
}

